{
  "defectsList" : [ {
    "title" : "Product defects",
    "status" : "FAILED",
    "defects" : [ ]
  }, {
    "title" : "Test defects",
    "status" : "BROKEN",
    "defects" : [ {
      "uid" : "a6a83ffd08c3599c",
      "failure" : {
        "message" : "NoSuchElementException: no such element: Unable to locate element: {\"method\":\"xpath\",\"selector\":\"//*[contains(@class,'Далее')]\"}\n  (Session info: chrome=60.0.3112.113)\n  (Driver info: chromedriver=2.29.461591 (62ebf098771772160f391d75e589dc567915b233),platform=Windows NT 10.0.15063 x86_64) (WARNING: The server did not provide any stacktrace information)\nCommand duration or timeout: 60.03 seconds\nFor documentation on this error, please visit: http://seleniumhq.org/exceptions/no_such_element.html\nBuild info: version: '2.52.0', revision: '4c2593cfc3689a7fcd7be52549167e5ccc93ad28', time: '2016-02-11 11:22:43'\nSystem info: host: 'DESKTOP-7L1GI82', ip: '192.168.0.113', os.name: 'Windows 10', os.arch: 'amd64', os.version: '10.0', java.version: '1.8.0_144'\nDriver info: org.openqa.selenium.chrome.ChromeDriver\nCapabilities [{applicationCacheEnabled=false, rotatable=false, mobileEmulationEnabled=false, networkConnectionEnabled=false, chrome={chromedriverVersion=2.29.461591 (62ebf098771772160f391d75e589dc567915b233), userDataDir=C:\\Users\\User\\AppData\\Local\\Temp\\scoped_dir4660_29886}, takesHeapSnapshot=true, pageLoadStrategy=normal, databaseEnabled=false, handlesAlerts=true, hasTouchScreen=false, version=60.0.3112.113, platform=XP, browserConnectionEnabled=false, nativeEvents=true, acceptSslCerts=true, locationContextEnabled=true, webStorageEnabled=true, browserName=chrome, takesScreenshot=true, javascriptEnabled=true, cssSelectorsEnabled=true, unexpectedAlertBehaviour=}]\nSession ID: ce59743263ce036af3fd2881fa3e56c9\n*** Element info: {Using=xpath, value=//*[contains(@class,'Далее')]}",
        "stackTrace" : "org.openqa.selenium.NoSuchElementException: no such element: Unable to locate element: {\"method\":\"xpath\",\"selector\":\"//*[contains(@class,'Далее')]\"}\n  (Session info: chrome=60.0.3112.113)\n  (Driver info: chromedriver=2.29.461591 (62ebf098771772160f391d75e589dc567915b233),platform=Windows NT 10.0.15063 x86_64) (WARNING: The server did not provide any stacktrace information)\nCommand duration or timeout: 60.03 seconds\nFor documentation on this error, please visit: http://seleniumhq.org/exceptions/no_such_element.html\nBuild info: version: '2.52.0', revision: '4c2593cfc3689a7fcd7be52549167e5ccc93ad28', time: '2016-02-11 11:22:43'\nSystem info: host: 'DESKTOP-7L1GI82', ip: '192.168.0.113', os.name: 'Windows 10', os.arch: 'amd64', os.version: '10.0', java.version: '1.8.0_144'\nDriver info: org.openqa.selenium.chrome.ChromeDriver\nCapabilities [{applicationCacheEnabled=false, rotatable=false, mobileEmulationEnabled=false, networkConnectionEnabled=false, chrome={chromedriverVersion=2.29.461591 (62ebf098771772160f391d75e589dc567915b233), userDataDir=C:\\Users\\User\\AppData\\Local\\Temp\\scoped_dir4660_29886}, takesHeapSnapshot=true, pageLoadStrategy=normal, databaseEnabled=false, handlesAlerts=true, hasTouchScreen=false, version=60.0.3112.113, platform=XP, browserConnectionEnabled=false, nativeEvents=true, acceptSslCerts=true, locationContextEnabled=true, webStorageEnabled=true, browserName=chrome, takesScreenshot=true, javascriptEnabled=true, cssSelectorsEnabled=true, unexpectedAlertBehaviour=}]\nSession ID: ce59743263ce036af3fd2881fa3e56c9\n*** Element info: {Using=xpath, value=//*[contains(@class,'Далее')]}\n\tat sun.reflect.NativeConstructorAccessorImpl.newInstance0(Native Method)\n\tat sun.reflect.NativeConstructorAccessorImpl.newInstance(NativeConstructorAccessorImpl.java:62)\n\tat sun.reflect.DelegatingConstructorAccessorImpl.newInstance(DelegatingConstructorAccessorImpl.java:45)\n\tat java.lang.reflect.Constructor.newInstance(Constructor.java:423)\n\tat org.openqa.selenium.remote.ErrorHandler.createThrowable(ErrorHandler.java:206)\n\tat org.openqa.selenium.remote.ErrorHandler.throwIfResponseFailed(ErrorHandler.java:158)\n\tat org.openqa.selenium.remote.RemoteWebDriver.execute(RemoteWebDriver.java:678)\n\tat org.openqa.selenium.remote.RemoteWebDriver.findElement(RemoteWebDriver.java:363)\n\tat org.openqa.selenium.remote.RemoteWebDriver.findElementByXPath(RemoteWebDriver.java:500)\n\tat org.openqa.selenium.By$ByXPath.findElement(By.java:361)\n\tat org.openqa.selenium.remote.RemoteWebDriver.findElement(RemoteWebDriver.java:355)\n\tat org.openqa.selenium.support.pagefactory.DefaultElementLocator.findElement(DefaultElementLocator.java:69)\n\tat org.openqa.selenium.support.pagefactory.internal.LocatingElementHandler.invoke(LocatingElementHandler.java:38)\n\tat com.sun.proxy.$Proxy9.click(Unknown Source)\n\tat ru.antipov.autotest.steps.RegistrationSteps.clickNext(RegistrationSteps.java:22)\n\tat FinishTest.testFinish(FinishTest.java:21)\n\tat sun.reflect.NativeMethodAccessorImpl.invoke0(Native Method)\n\tat sun.reflect.NativeMethodAccessorImpl.invoke(NativeMethodAccessorImpl.java:62)\n\tat sun.reflect.DelegatingMethodAccessorImpl.invoke(DelegatingMethodAccessorImpl.java:43)\n\tat java.lang.reflect.Method.invoke(Method.java:498)\n\tat org.testng.internal.MethodInvocationHelper.invokeMethod(MethodInvocationHelper.java:80)\n\tat org.testng.internal.Invoker.invokeMethod(Invoker.java:714)\n\tat org.testng.internal.Invoker.invokeTestMethod(Invoker.java:901)\n\tat org.testng.internal.Invoker.invokeTestMethods(Invoker.java:1231)\n\tat org.testng.internal.TestMethodWorker.invokeTestMethods(TestMethodWorker.java:127)\n\tat org.testng.internal.TestMethodWorker.run(TestMethodWorker.java:111)\n\tat org.testng.TestRunner.privateRun(TestRunner.java:767)\n\tat org.testng.TestRunner.run(TestRunner.java:617)\n\tat org.testng.SuiteRunner.runTest(SuiteRunner.java:334)\n\tat org.testng.SuiteRunner.runSequentially(SuiteRunner.java:329)\n\tat org.testng.SuiteRunner.privateRun(SuiteRunner.java:291)\n\tat org.testng.SuiteRunner.run(SuiteRunner.java:240)\n\tat org.testng.SuiteRunnerWorker.runSuite(SuiteRunnerWorker.java:52)\n\tat org.testng.SuiteRunnerWorker.run(SuiteRunnerWorker.java:86)\n\tat org.testng.TestNG.runSuitesSequentially(TestNG.java:1198)\n\tat org.testng.TestNG.runSuitesLocally(TestNG.java:1123)\n\tat org.testng.TestNG.run(TestNG.java:1031)\n\tat org.apache.maven.surefire.testng.TestNGExecutor.run(TestNGExecutor.java:115)\n\tat org.apache.maven.surefire.testng.TestNGDirectoryTestSuite.executeSingleClass(TestNGDirectoryTestSuite.java:129)\n\tat org.apache.maven.surefire.testng.TestNGDirectoryTestSuite.execute(TestNGDirectoryTestSuite.java:113)\n\tat org.apache.maven.surefire.testng.TestNGProvider.invoke(TestNGProvider.java:111)\n\tat org.apache.maven.surefire.booter.ForkedBooter.invokeProviderInSameClassLoader(ForkedBooter.java:203)\n\tat org.apache.maven.surefire.booter.ForkedBooter.runSuitesInProcess(ForkedBooter.java:155)\n\tat org.apache.maven.surefire.booter.ForkedBooter.main(ForkedBooter.java:103)\n"
      },
      "testCases" : [ {
        "uid" : "4968c160b5ff321",
        "name" : "testFinish",
        "title" : "Test finish",
        "time" : {
          "start" : 1505335876831,
          "stop" : 1505335940112,
          "duration" : 63281
        },
        "severity" : "NORMAL",
        "status" : "BROKEN"
      } ]
    } ]
  } ]
}